<?xml version="1.0" encoding="UTF-8"?>
<!-- Generated by org.testng.reporters.JUnitReportReporter -->
<testsuite skipped="0" hostname="DESKTOP-H84T4ED" name="com.tej.tests.PracticePageTests" tests="1" failures="0" timestamp="19 Jan 2022 06:32:12 GMT" time="5.531" errors="0">
  <testcase name="practiceTest" time="5.531" classname="com.tej.tests.PracticePageTests"/>
</testsuite> <!-- com.tej.tests.PracticePageTests -->
